<?xml version="1.0" encoding="UTF-8"?>
<testng-results ignored="0" total="3" passed="2" failed="1" skipped="0">
  <reporter-output>
  </reporter-output>
  <suite started-at="2024-08-02T17:14:11 IST" name="Suite" finished-at="2024-08-02T17:16:57 IST" duration-ms="166347">
    <groups>
    </groups>
    <test started-at="2024-08-02T17:14:11 IST" name="Test" finished-at="2024-08-02T17:16:57 IST" duration-ms="166347">
      <class name="tests.LoginTest">
        <test-method signature="VerifyLoginWithValidCred(java.util.HashMap)[pri:0, instance:tests.LoginTest@368247b9]" started-at="2024-08-02T17:14:16 IST" name="VerifyLoginWithValidCred" data-provider="data" finished-at="2024-08-02T17:14:52 IST" duration-ms="35967" status="PASS">
          <params>
            <param index="0">
              <value>
                <![CDATA[{UserName=arunbatch1@gmail.com, ExpectedResult=Success, RunMode=Y, Browser=Chrome, Password=abcde}]]>
              </value>
            </param>
          </params>
          <reporter-output>
          </reporter-output>
        </test-method> <!-- VerifyLoginWithValidCred -->
        <test-method is-config="true" signature="teardown()[pri:0, instance:tests.LoginTest@368247b9]" started-at="2024-08-02T17:14:52 IST" name="teardown" finished-at="2024-08-02T17:14:53 IST" duration-ms="656" status="PASS">
          <reporter-output>
          </reporter-output>
        </test-method> <!-- teardown -->
        <test-method signature="VerifyLoginWithValidCred(java.util.HashMap)[pri:0, instance:tests.LoginTest@368247b9]" started-at="2024-08-02T17:14:53 IST" name="VerifyLoginWithValidCred" data-provider="data" finished-at="2024-08-02T17:15:53 IST" duration-ms="59815" status="PASS">
          <params>
            <param index="0">
              <value>
                <![CDATA[{UserName=arunbatch2@gmail.com, ExpectedResult=Success, RunMode=Y, Browser=Firefox, Password=xyzab}]]>
              </value>
            </param>
          </params>
          <reporter-output>
          </reporter-output>
        </test-method> <!-- VerifyLoginWithValidCred -->
        <test-method is-config="true" signature="teardown()[pri:0, instance:tests.LoginTest@368247b9]" started-at="2024-08-02T17:15:53 IST" name="teardown" finished-at="2024-08-02T17:16:02 IST" duration-ms="9342" status="PASS">
          <reporter-output>
          </reporter-output>
        </test-method> <!-- teardown -->
        <test-method signature="VerifyLoginWithValidCred(java.util.HashMap)[pri:0, instance:tests.LoginTest@368247b9]" started-at="2024-08-02T17:16:02 IST" name="VerifyLoginWithValidCred" data-provider="data" finished-at="2024-08-02T17:16:52 IST" duration-ms="50125" status="FAIL">
          <params>
            <param index="0">
              <value>
                <![CDATA[{UserName=arunbatch3@gmail.com, ExpectedResult=Failure, RunMode=Y, Browser=Edge, Password=bdjdjk}]]>
              </value>
            </param>
          </params>
          <exception class="java.lang.AssertionError">
            <message>
              <![CDATA[expected [false] but found [true]]]>
            </message>
            <full-stacktrace>
              <![CDATA[java.lang.AssertionError: expected [false] but found [true]
at org.testng.Assert.fail(Assert.java:111)
at org.testng.Assert.failNotEquals(Assert.java:1578)
at org.testng.Assert.assertFalse(Assert.java:79)
at org.testng.Assert.assertFalse(Assert.java:89)
at tests.LoginTest.VerifyLoginWithValidCred(LoginTest.java:92)
at java.base/jdk.internal.reflect.NativeMethodAccessorImpl.invoke0(Native Method)
at java.base/jdk.internal.reflect.NativeMethodAccessorImpl.invoke(NativeMethodAccessorImpl.java:62)
at java.base/jdk.internal.reflect.DelegatingMethodAccessorImpl.invoke(DelegatingMethodAccessorImpl.java:43)
at java.base/java.lang.reflect.Method.invoke(Method.java:566)
at org.testng.internal.invokers.MethodInvocationHelper.invokeMethod(MethodInvocationHelper.java:141)
at org.testng.internal.invokers.TestInvoker.invokeMethod(TestInvoker.java:686)
at org.testng.internal.invokers.TestInvoker.invokeTestMethod(TestInvoker.java:230)
at org.testng.internal.invokers.MethodRunner.runInSequence(MethodRunner.java:63)
at org.testng.internal.invokers.TestInvoker$MethodInvocationAgent.invoke(TestInvoker.java:992)
at org.testng.internal.invokers.TestInvoker.invokeTestMethods(TestInvoker.java:203)
at org.testng.internal.invokers.TestMethodWorker.invokeTestMethods(TestMethodWorker.java:154)
at org.testng.internal.invokers.TestMethodWorker.run(TestMethodWorker.java:134)
at java.base/java.util.ArrayList.forEach(ArrayList.java:1541)
at org.testng.TestRunner.privateRun(TestRunner.java:739)
at org.testng.TestRunner.run(TestRunner.java:614)
at org.testng.SuiteRunner.runTest(SuiteRunner.java:421)
at org.testng.SuiteRunner.runSequentially(SuiteRunner.java:413)
at org.testng.SuiteRunner.privateRun(SuiteRunner.java:373)
at org.testng.SuiteRunner.run(SuiteRunner.java:312)
at org.testng.SuiteRunnerWorker.runSuite(SuiteRunnerWorker.java:52)
at org.testng.SuiteRunnerWorker.run(SuiteRunnerWorker.java:95)
at org.testng.TestNG.runSuitesSequentially(TestNG.java:1274)
at org.testng.TestNG.runSuitesLocally(TestNG.java:1208)
at org.testng.TestNG.runSuites(TestNG.java:1112)
at org.testng.TestNG.run(TestNG.java:1079)
at org.apache.maven.surefire.testng.TestNGExecutor.run(TestNGExecutor.java:308)
at org.apache.maven.surefire.testng.TestNGXmlTestSuite.execute(TestNGXmlTestSuite.java:71)
at org.apache.maven.surefire.testng.TestNGProvider.invoke(TestNGProvider.java:113)
at org.apache.maven.surefire.booter.ForkedBooter.runSuitesInProcess(ForkedBooter.java:385)
at org.apache.maven.surefire.booter.ForkedBooter.execute(ForkedBooter.java:162)
at org.apache.maven.surefire.booter.ForkedBooter.run(ForkedBooter.java:507)
at org.apache.maven.surefire.booter.ForkedBooter.main(ForkedBooter.java:495)
]]>
            </full-stacktrace>
          </exception> <!-- java.lang.AssertionError -->
          <reporter-output>
          </reporter-output>
        </test-method> <!-- VerifyLoginWithValidCred -->
        <test-method is-config="true" signature="teardown()[pri:0, instance:tests.LoginTest@368247b9]" started-at="2024-08-02T17:16:53 IST" name="teardown" finished-at="2024-08-02T17:16:57 IST" duration-ms="4705" status="PASS">
          <reporter-output>
          </reporter-output>
        </test-method> <!-- teardown -->
      </class> <!-- tests.LoginTest -->
    </test> <!-- Test -->
  </suite> <!-- Suite -->
</testng-results>
